[0.241s] Invoking command in '/home/zyme/ros_ws/sonic2laser/sonic_to_laser/build/sonic2laser_map': CMAKE_PREFIX_PATH=${CMAKE_PREFIX_PATH}:/opt/ros/humble /usr/bin/cmake --build /home/zyme/ros_ws/sonic2laser/sonic_to_laser/build/sonic2laser_map -- -j12 -l12
[0.266s] -- Found ament_cmake: 1.3.5 (/opt/ros/humble/share/ament_cmake/cmake)
[0.403s] -- Found navigation2: 1.1.12 (/opt/ros/humble/share/navigation2/cmake)
[0.403s] -- Found rviz2: 11.2.8 (/opt/ros/humble/share/rviz2/cmake)
[0.403s] -- Found rclcpp: 16.0.6 (/opt/ros/humble/share/rclcpp/cmake)
[0.435s] -- Found rosidl_generator_c: 3.1.5 (/opt/ros/humble/share/rosidl_generator_c/cmake)
[0.438s] -- Found rosidl_adapter: 3.1.5 (/opt/ros/humble/share/rosidl_adapter/cmake)
[0.446s] -- Found rosidl_generator_cpp: 3.1.5 (/opt/ros/humble/share/rosidl_generator_cpp/cmake)
[0.456s] -- Using all available rosidl_typesupport_c: rosidl_typesupport_fastrtps_c;rosidl_typesupport_introspection_c
[0.482s] -- Using all available rosidl_typesupport_cpp: rosidl_typesupport_fastrtps_cpp;rosidl_typesupport_introspection_cpp
[0.554s] -- Found rmw_implementation_cmake: 6.1.1 (/opt/ros/humble/share/rmw_implementation_cmake/cmake)
[0.555s] -- Found rmw_fastrtps_cpp: 6.2.4 (/opt/ros/humble/share/rmw_fastrtps_cpp/cmake)
[0.678s] -- Using RMW implementation 'rmw_fastrtps_cpp' as default
[0.840s] -- Found tf2: 0.25.4 (/opt/ros/humble/share/tf2/cmake)
[0.898s] -- Found tf2_geometry_msgs: 0.25.4 (/opt/ros/humble/share/tf2_geometry_msgs/cmake)
[0.902s] -- Found eigen3_cmake_module: 0.1.1 (/opt/ros/humble/share/eigen3_cmake_module/cmake)
[0.903s] -- Ensuring Eigen3 include directory is part of orocos-kdl CMake target
[1.259s] -- Found ament_lint_auto: 0.12.8 (/opt/ros/humble/share/ament_lint_auto/cmake)
[1.321s] -- Added test 'flake8' to check Python code syntax and style conventions
[1.321s] -- Added test 'lint_cmake' to check CMake code style
[1.322s] -- Added test 'pep257' to check Python code against some of the docstring style conventions in PEP 257
[1.323s] -- Added test 'xmllint' to check XML markup files
[1.323s] -- Configuring done
[1.329s] -- Generating done
[1.331s] -- Build files have been written to: /home/zyme/ros_ws/sonic2laser/sonic_to_laser/build/sonic2laser_map
[1.359s] Invoked command in '/home/zyme/ros_ws/sonic2laser/sonic_to_laser/build/sonic2laser_map' returned '0': CMAKE_PREFIX_PATH=${CMAKE_PREFIX_PATH}:/opt/ros/humble /usr/bin/cmake --build /home/zyme/ros_ws/sonic2laser/sonic_to_laser/build/sonic2laser_map -- -j12 -l12
[1.380s] Invoking command in '/home/zyme/ros_ws/sonic2laser/sonic_to_laser/build/sonic2laser_map': CMAKE_PREFIX_PATH=${CMAKE_PREFIX_PATH}:/opt/ros/humble /usr/bin/cmake --install /home/zyme/ros_ws/sonic2laser/sonic_to_laser/build/sonic2laser_map
[1.387s] -- Install configuration: ""
[1.388s] -- Up-to-date: /home/zyme/ros_ws/sonic2laser/sonic_to_laser/install/sonic2laser_map/share/ament_index/resource_index/package_run_dependencies/sonic2laser_map
[1.388s] -- Installing: /home/zyme/ros_ws/sonic2laser/sonic_to_laser/install/sonic2laser_map/share/ament_index/resource_index/parent_prefix_path/sonic2laser_map
[1.388s] -- Up-to-date: /home/zyme/ros_ws/sonic2laser/sonic_to_laser/install/sonic2laser_map/share/sonic2laser_map/environment/ament_prefix_path.sh
[1.388s] -- Installing: /home/zyme/ros_ws/sonic2laser/sonic_to_laser/install/sonic2laser_map/share/sonic2laser_map/environment/ament_prefix_path.dsv
[1.388s] -- Up-to-date: /home/zyme/ros_ws/sonic2laser/sonic_to_laser/install/sonic2laser_map/share/sonic2laser_map/environment/path.sh
[1.388s] -- Installing: /home/zyme/ros_ws/sonic2laser/sonic_to_laser/install/sonic2laser_map/share/sonic2laser_map/environment/path.dsv
[1.388s] -- Up-to-date: /home/zyme/ros_ws/sonic2laser/sonic_to_laser/install/sonic2laser_map/share/sonic2laser_map/local_setup.bash
[1.389s] -- Up-to-date: /home/zyme/ros_ws/sonic2laser/sonic_to_laser/install/sonic2laser_map/share/sonic2laser_map/local_setup.sh
[1.389s] -- Up-to-date: /home/zyme/ros_ws/sonic2laser/sonic_to_laser/install/sonic2laser_map/share/sonic2laser_map/local_setup.zsh
[1.389s] -- Installing: /home/zyme/ros_ws/sonic2laser/sonic_to_laser/install/sonic2laser_map/share/sonic2laser_map/local_setup.dsv
[1.389s] -- Installing: /home/zyme/ros_ws/sonic2laser/sonic_to_laser/install/sonic2laser_map/share/sonic2laser_map/package.dsv
[1.389s] -- Up-to-date: /home/zyme/ros_ws/sonic2laser/sonic_to_laser/install/sonic2laser_map/share/ament_index/resource_index/packages/sonic2laser_map
[1.389s] -- Up-to-date: /home/zyme/ros_ws/sonic2laser/sonic_to_laser/install/sonic2laser_map/share/sonic2laser_map/cmake/sonic2laser_mapConfig.cmake
[1.389s] -- Up-to-date: /home/zyme/ros_ws/sonic2laser/sonic_to_laser/install/sonic2laser_map/share/sonic2laser_map/cmake/sonic2laser_mapConfig-version.cmake
[1.389s] -- Up-to-date: /home/zyme/ros_ws/sonic2laser/sonic_to_laser/install/sonic2laser_map/share/sonic2laser_map/package.xml
[1.389s] -- Installing: /home/zyme/ros_ws/sonic2laser/sonic_to_laser/install/sonic2laser_map/share/sonic2laser_map/launch
[1.390s] -- Installing: /home/zyme/ros_ws/sonic2laser/sonic_to_laser/install/sonic2laser_map/share/sonic2laser_map/launch/online_async_launch_mapping.launch.py
[1.390s] [31mCMake Error at cmake_install.cmake:105 (file):
[1.390s]   file INSTALL cannot find
[1.390s]   "/home/zyme/ros_ws/sonic2laser/sonic_to_laser/src/sonic2laser_map/config":
[1.391s]   No such file or directory.
[1.391s] 
[1.391s] [0m
[1.392s] Invoked command in '/home/zyme/ros_ws/sonic2laser/sonic_to_laser/build/sonic2laser_map' returned '1': CMAKE_PREFIX_PATH=${CMAKE_PREFIX_PATH}:/opt/ros/humble /usr/bin/cmake --install /home/zyme/ros_ws/sonic2laser/sonic_to_laser/build/sonic2laser_map
