[0.197s] Invoking command in '/home/zyme/ros_ws/sonic2laser/sonic_to_laser/build/sonic2laser_map': CMAKE_PREFIX_PATH=${CMAKE_PREFIX_PATH}:/opt/ros/humble /usr/bin/cmake /home/zyme/ros_ws/sonic2laser/sonic_to_laser/src/sonic2laser_map -DCMAKE_INSTALL_PREFIX=/home/zyme/ros_ws/sonic2laser/sonic_to_laser/install/sonic2laser_map
[0.274s] -- The C compiler identification is GNU 11.4.0
[0.337s] -- The CXX compiler identification is GNU 11.4.0
[0.347s] -- Detecting C compiler ABI info
[0.420s] -- Detecting C compiler ABI info - done
[0.426s] -- Check for working C compiler: /usr/bin/cc - skipped
[0.427s] -- Detecting C compile features
[0.427s] -- Detecting C compile features - done
[0.430s] -- Detecting CXX compiler ABI info
[0.509s] -- Detecting CXX compiler ABI info - done
[0.520s] -- Check for working CXX compiler: /usr/bin/c++ - skipped
[0.520s] -- Detecting CXX compile features
[0.520s] -- Detecting CXX compile features - done
[0.523s] -- Found ament_cmake: 1.3.5 (/opt/ros/humble/share/ament_cmake/cmake)
[0.691s] -- Found Python3: /usr/bin/python3.10 (found version "3.10.12") found components: Interpreter 
[0.798s] -- Found navigation2: 1.1.12 (/opt/ros/humble/share/navigation2/cmake)
[0.800s] -- Found rviz2: 11.2.8 (/opt/ros/humble/share/rviz2/cmake)
[0.802s] -- Found rclcpp: 16.0.6 (/opt/ros/humble/share/rclcpp/cmake)
[0.858s] -- Found rosidl_generator_c: 3.1.5 (/opt/ros/humble/share/rosidl_generator_c/cmake)
[0.865s] -- Found rosidl_adapter: 3.1.5 (/opt/ros/humble/share/rosidl_adapter/cmake)
[0.877s] -- Found rosidl_generator_cpp: 3.1.5 (/opt/ros/humble/share/rosidl_generator_cpp/cmake)
[0.895s] -- Using all available rosidl_typesupport_c: rosidl_typesupport_fastrtps_c;rosidl_typesupport_introspection_c
[0.920s] -- Using all available rosidl_typesupport_cpp: rosidl_typesupport_fastrtps_cpp;rosidl_typesupport_introspection_cpp
[1.005s] -- Found rmw_implementation_cmake: 6.1.1 (/opt/ros/humble/share/rmw_implementation_cmake/cmake)
[1.009s] -- Found rmw_fastrtps_cpp: 6.2.4 (/opt/ros/humble/share/rmw_fastrtps_cpp/cmake)
[1.118s] -- Found OpenSSL: /usr/lib/x86_64-linux-gnu/libcrypto.so (found version "3.0.2")  
[1.146s] -- Found FastRTPS: /opt/ros/humble/include  
[1.195s] -- Using RMW implementation 'rmw_fastrtps_cpp' as default
[1.209s] -- Looking for pthread.h
[1.282s] -- Looking for pthread.h - found
[1.282s] -- Performing Test CMAKE_HAVE_LIBC_PTHREAD
[1.354s] -- Performing Test CMAKE_HAVE_LIBC_PTHREAD - Success
[1.356s] -- Found Threads: TRUE  
[1.534s] -- Found tf2: 0.25.4 (/opt/ros/humble/share/tf2/cmake)
[1.602s] -- Found tf2_geometry_msgs: 0.25.4 (/opt/ros/humble/share/tf2_geometry_msgs/cmake)
[1.622s] -- Found eigen3_cmake_module: 0.1.1 (/opt/ros/humble/share/eigen3_cmake_module/cmake)
[1.623s] -- Found Eigen3: TRUE (found version "3.4.0") 
[1.624s] -- Ensuring Eigen3 include directory is part of orocos-kdl CMake target
[2.004s] -- Found ament_lint_auto: 0.12.8 (/opt/ros/humble/share/ament_lint_auto/cmake)
[2.088s] -- Added test 'flake8' to check Python code syntax and style conventions
[2.088s] -- Added test 'lint_cmake' to check CMake code style
[2.089s] -- Added test 'pep257' to check Python code against some of the docstring style conventions in PEP 257
[2.090s] -- Added test 'xmllint' to check XML markup files
[2.092s] -- Configuring done
[2.098s] -- Generating done
[2.099s] -- Build files have been written to: /home/zyme/ros_ws/sonic2laser/sonic_to_laser/build/sonic2laser_map
[2.109s] Invoked command in '/home/zyme/ros_ws/sonic2laser/sonic_to_laser/build/sonic2laser_map' returned '0': CMAKE_PREFIX_PATH=${CMAKE_PREFIX_PATH}:/opt/ros/humble /usr/bin/cmake /home/zyme/ros_ws/sonic2laser/sonic_to_laser/src/sonic2laser_map -DCMAKE_INSTALL_PREFIX=/home/zyme/ros_ws/sonic2laser/sonic_to_laser/install/sonic2laser_map
[2.111s] Invoking command in '/home/zyme/ros_ws/sonic2laser/sonic_to_laser/build/sonic2laser_map': CMAKE_PREFIX_PATH=${CMAKE_PREFIX_PATH}:/opt/ros/humble /usr/bin/cmake --build /home/zyme/ros_ws/sonic2laser/sonic_to_laser/build/sonic2laser_map -- -j12 -l12
[2.155s] Invoked command in '/home/zyme/ros_ws/sonic2laser/sonic_to_laser/build/sonic2laser_map' returned '0': CMAKE_PREFIX_PATH=${CMAKE_PREFIX_PATH}:/opt/ros/humble /usr/bin/cmake --build /home/zyme/ros_ws/sonic2laser/sonic_to_laser/build/sonic2laser_map -- -j12 -l12
[2.187s] Invoking command in '/home/zyme/ros_ws/sonic2laser/sonic_to_laser/build/sonic2laser_map': CMAKE_PREFIX_PATH=${CMAKE_PREFIX_PATH}:/opt/ros/humble /usr/bin/cmake --install /home/zyme/ros_ws/sonic2laser/sonic_to_laser/build/sonic2laser_map
[2.194s] -- Install configuration: ""
[2.194s] -- Installing: /home/zyme/ros_ws/sonic2laser/sonic_to_laser/install/sonic2laser_map/share/ament_index/resource_index/package_run_dependencies/sonic2laser_map
[2.194s] -- Installing: /home/zyme/ros_ws/sonic2laser/sonic_to_laser/install/sonic2laser_map/share/ament_index/resource_index/parent_prefix_path/sonic2laser_map
[2.195s] -- Installing: /home/zyme/ros_ws/sonic2laser/sonic_to_laser/install/sonic2laser_map/share/sonic2laser_map/environment/ament_prefix_path.sh
[2.195s] -- Installing: /home/zyme/ros_ws/sonic2laser/sonic_to_laser/install/sonic2laser_map/share/sonic2laser_map/environment/ament_prefix_path.dsv
[2.195s] -- Installing: /home/zyme/ros_ws/sonic2laser/sonic_to_laser/install/sonic2laser_map/share/sonic2laser_map/environment/path.sh
[2.195s] -- Installing: /home/zyme/ros_ws/sonic2laser/sonic_to_laser/install/sonic2laser_map/share/sonic2laser_map/environment/path.dsv
[2.195s] -- Installing: /home/zyme/ros_ws/sonic2laser/sonic_to_laser/install/sonic2laser_map/share/sonic2laser_map/local_setup.bash
[2.196s] -- Installing: /home/zyme/ros_ws/sonic2laser/sonic_to_laser/install/sonic2laser_map/share/sonic2laser_map/local_setup.sh
[2.196s] -- Installing: /home/zyme/ros_ws/sonic2laser/sonic_to_laser/install/sonic2laser_map/share/sonic2laser_map/local_setup.zsh
[2.196s] -- Installing: /home/zyme/ros_ws/sonic2laser/sonic_to_laser/install/sonic2laser_map/share/sonic2laser_map/local_setup.dsv
[2.196s] -- Installing: /home/zyme/ros_ws/sonic2laser/sonic_to_laser/install/sonic2laser_map/share/sonic2laser_map/package.dsv
[2.196s] -- Installing: /home/zyme/ros_ws/sonic2laser/sonic_to_laser/install/sonic2laser_map/share/ament_index/resource_index/packages/sonic2laser_map
[2.196s] -- Installing: /home/zyme/ros_ws/sonic2laser/sonic_to_laser/install/sonic2laser_map/share/sonic2laser_map/cmake/sonic2laser_mapConfig.cmake
[2.196s] -- Installing: /home/zyme/ros_ws/sonic2laser/sonic_to_laser/install/sonic2laser_map/share/sonic2laser_map/cmake/sonic2laser_mapConfig-version.cmake
[2.197s] -- Installing: /home/zyme/ros_ws/sonic2laser/sonic_to_laser/install/sonic2laser_map/share/sonic2laser_map/package.xml
[2.199s] Invoked command in '/home/zyme/ros_ws/sonic2laser/sonic_to_laser/build/sonic2laser_map' returned '0': CMAKE_PREFIX_PATH=${CMAKE_PREFIX_PATH}:/opt/ros/humble /usr/bin/cmake --install /home/zyme/ros_ws/sonic2laser/sonic_to_laser/build/sonic2laser_map
