-- The C compiler identification is GNU 11.4.0
-- The CXX compiler identification is GNU 11.4.0
-- Detecting C compiler ABI info
-- Detecting C compiler ABI info - done
-- Check for working C compiler: /usr/bin/cc - skipped
-- Detecting C compile features
-- Detecting C compile features - done
-- Detecting CXX compiler ABI info
-- Detecting CXX compiler ABI info - done
-- Check for working CXX compiler: /usr/bin/c++ - skipped
-- Detecting CXX compile features
-- Detecting CXX compile features - done
-- Found ament_cmake: 1.3.5 (/opt/ros/humble/share/ament_cmake/cmake)
-- Found Python3: /usr/bin/python3.10 (found version "3.10.12") found components: Interpreter 
-- Found rclcpp: 16.0.6 (/opt/ros/humble/share/rclcpp/cmake)
-- Found rosidl_generator_c: 3.1.5 (/opt/ros/humble/share/rosidl_generator_c/cmake)
-- Found rosidl_adapter: 3.1.5 (/opt/ros/humble/share/rosidl_adapter/cmake)
-- Found rosidl_generator_cpp: 3.1.5 (/opt/ros/humble/share/rosidl_generator_cpp/cmake)
-- Using all available rosidl_typesupport_c: rosidl_typesupport_fastrtps_c;rosidl_typesupport_introspection_c
-- Using all available rosidl_typesupport_cpp: rosidl_typesupport_fastrtps_cpp;rosidl_typesupport_introspection_cpp
-- Found rmw_implementation_cmake: 6.1.1 (/opt/ros/humble/share/rmw_implementation_cmake/cmake)
-- Found rmw_fastrtps_cpp: 6.2.4 (/opt/ros/humble/share/rmw_fastrtps_cpp/cmake)
-- Found OpenSSL: /usr/lib/x86_64-linux-gnu/libcrypto.so (found version "3.0.2")  
-- Found FastRTPS: /opt/ros/humble/include  
-- Using RMW implementation 'rmw_fastrtps_cpp' as default
-- Looking for pthread.h
-- Looking for pthread.h - found
-- Performing Test CMAKE_HAVE_LIBC_PTHREAD
-- Performing Test CMAKE_HAVE_LIBC_PTHREAD - Success
-- Found Threads: TRUE  
-- Found rclpy: 3.3.10 (/opt/ros/humble/share/rclpy/cmake)
-- Found sensor_msgs: 4.2.3 (/opt/ros/humble/share/sensor_msgs/cmake)
-- Found ament_lint_auto: 0.12.8 (/opt/ros/humble/share/ament_lint_auto/cmake)
-- Added test 'cppcheck' to perform static code analysis on C / C++ code
-- Configured cppcheck include dirs: 
-- Configured cppcheck exclude dirs and/or files: 
-- Added test 'lint_cmake' to check CMake code style
-- Added test 'uncrustify' to check C / C++ code style
-- Configured uncrustify additional arguments: 
-- Added test 'xmllint' to check XML markup files
-- Configuring done
-- Generating done
-- Build files have been written to: /home/zyme/ros_ws/sonic2laser/sonic_to_laser/build/sonic_to_laser
[ 50%] [32mBuilding CXX object CMakeFiles/sonic_to_laser.dir/src/sonic_to_light.cpp.o[0m
[01m[K/home/zyme/ros_ws/sonic2laser/sonic_to_laser/src/src/sonic_to_light.cpp:[m[K In member function ‘[01m[Kvoid rev_tracker::sensor_callback(std::shared_ptr<std_msgs::msg::Int32_<std::allocator<void> > >)[m[K’:
[01m[K/home/zyme/ros_ws/sonic2laser/sonic_to_laser/src/src/sonic_to_light.cpp:39:16:[m[K [01;35m[Kwarning: [m[Kunused variable ‘[01m[Kdistance[m[K’ [[01;35m[K]8;;https://gcc.gnu.org/onlinedocs/gcc/Warning-Options.html#index-Wunused-variable-Wunused-variable]8;;[m[K]
   39 |         double [01;35m[Kdistance[m[K = round(cm_to_m);
      |                [01;35m[K^~~~~~~~[m[K
[01m[K/home/zyme/ros_ws/sonic2laser/sonic_to_laser/src/src/sonic_to_light.cpp:26:71:[m[K [01;35m[Kwarning: [m[Kunused parameter ‘[01m[Kmsg[m[K’ [[01;35m[K]8;;https://gcc.gnu.org/onlinedocs/gcc/Warning-Options.html#index-Wunused-parameter-Wunused-parameter]8;;[m[K]
   26 | oid sensor_callback( [01;35m[Kconst std::shared_ptr<std_msgs::msg::Int32> msg[m[K) {
      |                      [01;35m[K~~~~~~~~~~~~~~~~~~~~~~~~~~~~~~~~~~~~~~~~~~~~^~~[m[K

[100%] [32m[1mLinking CXX executable sonic_to_laser[0m
[100%] Built target sonic_to_laser
-- Install configuration: ""
-- Installing: /home/zyme/ros_ws/sonic2laser/sonic_to_laser/install/sonic_to_laser/share/sonic_to_laser/
-- Installing: /home/zyme/ros_ws/sonic2laser/sonic_to_laser/install/sonic_to_laser/share/ament_index/resource_index/package_run_dependencies/sonic_to_laser
-- Installing: /home/zyme/ros_ws/sonic2laser/sonic_to_laser/install/sonic_to_laser/share/ament_index/resource_index/parent_prefix_path/sonic_to_laser
-- Installing: /home/zyme/ros_ws/sonic2laser/sonic_to_laser/install/sonic_to_laser/share/sonic_to_laser/environment/ament_prefix_path.sh
-- Installing: /home/zyme/ros_ws/sonic2laser/sonic_to_laser/install/sonic_to_laser/share/sonic_to_laser/environment/ament_prefix_path.dsv
-- Installing: /home/zyme/ros_ws/sonic2laser/sonic_to_laser/install/sonic_to_laser/share/sonic_to_laser/environment/path.sh
-- Installing: /home/zyme/ros_ws/sonic2laser/sonic_to_laser/install/sonic_to_laser/share/sonic_to_laser/environment/path.dsv
-- Installing: /home/zyme/ros_ws/sonic2laser/sonic_to_laser/install/sonic_to_laser/share/sonic_to_laser/local_setup.bash
-- Installing: /home/zyme/ros_ws/sonic2laser/sonic_to_laser/install/sonic_to_laser/share/sonic_to_laser/local_setup.sh
-- Installing: /home/zyme/ros_ws/sonic2laser/sonic_to_laser/install/sonic_to_laser/share/sonic_to_laser/local_setup.zsh
-- Installing: /home/zyme/ros_ws/sonic2laser/sonic_to_laser/install/sonic_to_laser/share/sonic_to_laser/local_setup.dsv
-- Installing: /home/zyme/ros_ws/sonic2laser/sonic_to_laser/install/sonic_to_laser/share/sonic_to_laser/package.dsv
-- Installing: /home/zyme/ros_ws/sonic2laser/sonic_to_laser/install/sonic_to_laser/share/ament_index/resource_index/packages/sonic_to_laser
-- Installing: /home/zyme/ros_ws/sonic2laser/sonic_to_laser/install/sonic_to_laser/share/sonic_to_laser/cmake/sonic_to_laserConfig.cmake
-- Installing: /home/zyme/ros_ws/sonic2laser/sonic_to_laser/install/sonic_to_laser/share/sonic_to_laser/cmake/sonic_to_laserConfig-version.cmake
-- Installing: /home/zyme/ros_ws/sonic2laser/sonic_to_laser/install/sonic_to_laser/share/sonic_to_laser/package.xml
