[35m[1mConsolidate compiler generated dependencies of target sonic_to_laser[0m
[ 50%] [32mBuilding CXX object CMakeFiles/sonic_to_laser.dir/src/sonic_to_light.cpp.o[0m
[01m[K/home/zyme/ros_ws/sonic2laser/sonic_to_laser/src/src/sonic_to_light.cpp:26:64:[m[K [01;31m[Kerror: [m[K‘[01m[Kfloat32[m[K’ is not a member of ‘[01m[Kstd_msgs::msg[m[K’; did you mean ‘[01m[KFloat32[m[K’?
   26 |     void sensor_callback( const std::shared_ptr<std_msgs::msg::[01;31m[Kfloat32[m[K> msg) {
      |                                                                [01;31m[K^~~~~~~[m[K
      |                                                                [32m[KFloat32[m[K
[01m[K/home/zyme/ros_ws/sonic2laser/sonic_to_laser/src/src/sonic_to_light.cpp:26:71:[m[K [01;31m[Kerror: [m[Ktemplate argument 1 is invalid
   26 |     void sensor_callback( const std::shared_ptr<std_msgs::msg::float32[01;31m[K>[m[K msg) {
      |                                                                       [01;31m[K^[m[K
[01m[K/home/zyme/ros_ws/sonic2laser/sonic_to_laser/src/src/sonic_to_light.cpp:64:41:[m[K [01;31m[Kerror: [m[K‘[01m[Kfloat32[m[K’ is not a member of ‘[01m[Kstd_msgs::msg[m[K’; did you mean ‘[01m[KFloat32[m[K’?
   64 |     rclcpp::Subscription<std_msgs::msg::[01;31m[Kfloat32[m[K>::SharedPtr sonic_subscriber;
      |                                         [01;31m[K^~~~~~~[m[K
      |                                         [32m[KFloat32[m[K
[01m[K/home/zyme/ros_ws/sonic2laser/sonic_to_laser/src/src/sonic_to_light.cpp:64:48:[m[K [01;31m[Kerror: [m[Ktemplate argument 1 is invalid
   64 |     rclcpp::Subscription<std_msgs::msg::float32[01;31m[K>[m[K::SharedPtr sonic_subscriber;
      |                                                [01;31m[K^[m[K
[01m[K/home/zyme/ros_ws/sonic2laser/sonic_to_laser/src/src/sonic_to_light.cpp:64:48:[m[K [01;31m[Kerror: [m[Ktemplate argument 3 is invalid
[01m[K/home/zyme/ros_ws/sonic2laser/sonic_to_laser/src/src/sonic_to_light.cpp:64:48:[m[K [01;31m[Kerror: [m[Ktemplate argument 4 is invalid
[01m[K/home/zyme/ros_ws/sonic2laser/sonic_to_laser/src/src/sonic_to_light.cpp:64:48:[m[K [01;31m[Kerror: [m[Ktemplate argument 5 is invalid
[01m[K/home/zyme/ros_ws/sonic2laser/sonic_to_laser/src/src/sonic_to_light.cpp:64:51:[m[K [01;31m[Kerror: [m[Kexpected ‘[01m[K;[m[K’ at end of member declaration
   64 |     rclcpp::Subscription<std_msgs::msg::float32>::[01;31m[KSharedPtr[m[K sonic_subscriber;
      |                                                   [01;31m[K^~~~~~~~~[m[K
      |                                                            [32m[K;[m[K
[01m[K/home/zyme/ros_ws/sonic2laser/sonic_to_laser/src/src/sonic_to_light.cpp:64:61:[m[K [01;31m[Kerror: [m[K‘[01m[Ksonic_subscriber[m[K’ does not name a type
   64 |     rclcpp::Subscription<std_msgs::msg::float32>::SharedPtr [01;31m[Ksonic_subscriber[m[K;
      |                                                             [01;31m[K^~~~~~~~~~~~~~~~[m[K
[01m[K/home/zyme/ros_ws/sonic2laser/sonic_to_laser/src/src/sonic_to_light.cpp:[m[K In constructor ‘[01m[Krev_tracker::rev_tracker()[m[K’:
[01m[K/home/zyme/ros_ws/sonic2laser/sonic_to_laser/src/src/sonic_to_light.cpp:16:9:[m[K [01;31m[Kerror: [m[K‘[01m[Ksonic_subscriber[m[K’ was not declared in this scope; did you mean ‘[01m[Kcount_subscribers[m[K’?
   16 |         [01;31m[Ksonic_subscriber[m[K = this->create_subscription<std_msgs::msg::float32>(
      |         [01;31m[K^~~~~~~~~~~~~~~~[m[K
      |         [32m[Kcount_subscribers[m[K
[01m[K/home/zyme/ros_ws/sonic2laser/sonic_to_laser/src/src/sonic_to_light.cpp:16:69:[m[K [01;31m[Kerror: [m[K‘[01m[Kfloat32[m[K’ is not a member of ‘[01m[Kstd_msgs::msg[m[K’; did you mean ‘[01m[KFloat32[m[K’?
   16 |         sonic_subscriber = this->create_subscription<std_msgs::msg::[01;31m[Kfloat32[m[K>(
      |                                                                     [01;31m[K^~~~~~~[m[K
      |                                                                     [32m[KFloat32[m[K
[01m[K/home/zyme/ros_ws/sonic2laser/sonic_to_laser/src/src/sonic_to_light.cpp:16:77:[m[K [01;31m[Kerror: [m[Kno matching function for call to ‘[01m[Krev_tracker::create_subscription<<expression error> >(const char [7], int, std::_Bind_helper<false, void (rev_tracker::*)(int), rev_tracker*, const std::_Placeholder<1>&>::type)[m[K’
   16 |         sonic_subscriber = [01;31m[Kthis->create_subscription<std_msgs::msg::float32>([m[K
      |                            [01;31m[K~~~~~~~~~~~~~~~~~~~~~~~~~~~~~~~~~~~~~~~~~~~~~~~~~^[m[K
   17 | [01;31m[K            "/sonar", 10, std::bind(&rev_tracker::sensor_callback, this, std::placeholders::_1))[m[K;
      |             [01;31m[K~~~~~~~~~~~~~~~~~~~~~~~~~~~~~~~~~~~~~~~~~~~~~~~~~~~~~~~~~~~~~~~~~~~~~~~~~~~~~~~~~~~~[m[K
In file included from [01m[K/opt/ros/humble/include/rclcpp/rclcpp/executors/single_threaded_executor.hpp:28[m[K,
                 from [01m[K/opt/ros/humble/include/rclcpp/rclcpp/executors.hpp:22[m[K,
                 from [01m[K/opt/ros/humble/include/rclcpp/rclcpp/rclcpp.hpp:155[m[K,
                 from [01m[K/home/zyme/ros_ws/sonic2laser/sonic_to_laser/src/src/sonic_to_light.cpp:1[m[K:
[01m[K/opt/ros/humble/include/rclcpp/rclcpp/node.hpp:219:3:[m[K [01;36m[Knote: [m[Kcandidate: ‘[01m[Ktemplate<class MessageT, class CallbackT, class AllocatorT, class SubscriptionT, class MessageMemoryStrategyT> std::shared_ptr<ROSMessageT> rclcpp::Node::create_subscription(const string&, const rclcpp::QoS&, CallbackT&&, const rclcpp::SubscriptionOptionsWithAllocator<AllocatorT>&, typename MessageMemoryStrategyT::SharedPtr)[m[K’
  219 |   [01;36m[Kcreate_subscription[m[K(
      |   [01;36m[K^~~~~~~~~~~~~~~~~~~[m[K
[01m[K/opt/ros/humble/include/rclcpp/rclcpp/node.hpp:219:3:[m[K [01;36m[Knote: [m[K  template argument deduction/substitution failed:
[01m[K/home/zyme/ros_ws/sonic2laser/sonic_to_laser/src/src/sonic_to_light.cpp:16:77:[m[K [01;31m[Kerror: [m[Ktemplate argument 1 is invalid
   16 |         sonic_subscriber = [01;31m[Kthis->create_subscription<std_msgs::msg::float32>([m[K
      |                            [01;31m[K~~~~~~~~~~~~~~~~~~~~~~~~~~~~~~~~~~~~~~~~~~~~~~~~~^[m[K
   17 | [01;31m[K            "/sonar", 10, std::bind(&rev_tracker::sensor_callback, this, std::placeholders::_1))[m[K;
      |             [01;31m[K~~~~~~~~~~~~~~~~~~~~~~~~~~~~~~~~~~~~~~~~~~~~~~~~~~~~~~~~~~~~~~~~~~~~~~~~~~~~~~~~~~~~[m[K
[01m[K/home/zyme/ros_ws/sonic2laser/sonic_to_laser/src/src/sonic_to_light.cpp:[m[K In member function ‘[01m[Kvoid rev_tracker::sensor_callback(int)[m[K’:
[01m[K/home/zyme/ros_ws/sonic2laser/sonic_to_laser/src/src/sonic_to_light.cpp:30:24:[m[K [01;31m[Kerror: [m[K‘[01m[Kfloat32[m[K’ is not a member of ‘[01m[Kstd_msgs::msg[m[K’; did you mean ‘[01m[KFloat32[m[K’?
   30 |         std_msgs::msg::[01;31m[Kfloat32[m[K sonic;
      |                        [01;31m[K^~~~~~~[m[K
      |                        [32m[KFloat32[m[K
[01m[K/home/zyme/ros_ws/sonic2laser/sonic_to_laser/src/src/sonic_to_light.cpp:33:34:[m[K [01;31m[Kerror: [m[K‘[01m[Ksonic[m[K’ was not declared in this scope
   33 |         double cm_to_m = (double)[01;31m[Ksonic[m[K.data/100;
      |                                  [01;31m[K^~~~~[m[K
[01m[K/home/zyme/ros_ws/sonic2laser/sonic_to_laser/src/src/sonic_to_light.cpp:39:16:[m[K [01;35m[Kwarning: [m[Kunused variable ‘[01m[Kdistance[m[K’ [[01;35m[K]8;;https://gcc.gnu.org/onlinedocs/gcc/Warning-Options.html#index-Wunused-variable-Wunused-variable]8;;[m[K]
   39 |         double [01;35m[Kdistance[m[K = round(cm_to_m);
      |                [01;35m[K^~~~~~~~[m[K
[01m[K/home/zyme/ros_ws/sonic2laser/sonic_to_laser/src/src/sonic_to_light.cpp:26:73:[m[K [01;35m[Kwarning: [m[Kunused parameter ‘[01m[Kmsg[m[K’ [[01;35m[K]8;;https://gcc.gnu.org/onlinedocs/gcc/Warning-Options.html#index-Wunused-parameter-Wunused-parameter]8;;[m[K]
   26 |     void sensor_callback( [01;35m[Kconst std::shared_ptr<std_msgs::msg::float32> msg[m[K) {
      |                           [01;35m[K~~~~~~~~~~~~~~~~~~~~~~~~~~~~~~~~~~~~~~~~~~~~~~^~~[m[K
gmake[2]: *** [CMakeFiles/sonic_to_laser.dir/build.make:76: CMakeFiles/sonic_to_laser.dir/src/sonic_to_light.cpp.o] Error 1
gmake[1]: *** [CMakeFiles/Makefile2:137: CMakeFiles/sonic_to_laser.dir/all] Error 2
gmake: *** [Makefile:146: all] Error 2
