[0.103s] Invoking command in '/home/zyme/ros_ws/sonic2laser/sonic_to_laser/build/sonic_to_laser': CMAKE_PREFIX_PATH=${CMAKE_PREFIX_PATH}:/opt/ros/humble /usr/bin/cmake --build /home/zyme/ros_ws/sonic2laser/sonic_to_laser/build/sonic_to_laser -- -j12 -l12
[0.203s] [ 50%] [32mBuilding CXX object CMakeFiles/sonic_to_laser.dir/src/sonic_to_light.cpp.o[0m
[3.818s] [01m[K/home/zyme/ros_ws/sonic2laser/sonic_to_laser/src/src/sonic_to_light.cpp:[m[K In member function ‘[01m[Kvoid rev_tracker::sensor_callback(std::shared_ptr<std_msgs::msg::Int32_<std::allocator<void> > >)[m[K’:
[3.818s] [01m[K/home/zyme/ros_ws/sonic2laser/sonic_to_laser/src/src/sonic_to_light.cpp:39:16:[m[K [01;35m[Kwarning: [m[Kunused variable ‘[01m[Kdistance[m[K’ [[01;35m[K]8;;https://gcc.gnu.org/onlinedocs/gcc/Warning-Options.html#index-Wunused-variable-Wunused-variable]8;;[m[K]
[3.818s]    39 |         double [01;35m[Kdistance[m[K = round(cm_to_m);
[3.818s]       |                [01;35m[K^~~~~~~~[m[K
[3.818s] [01m[K/home/zyme/ros_ws/sonic2laser/sonic_to_laser/src/src/sonic_to_light.cpp:26:71:[m[K [01;35m[Kwarning: [m[Kunused parameter ‘[01m[Kmsg[m[K’ [[01;35m[K]8;;https://gcc.gnu.org/onlinedocs/gcc/Warning-Options.html#index-Wunused-parameter-Wunused-parameter]8;;[m[K]
[3.818s]    26 |     void sensor_callback( [01;35m[Kconst std::shared_ptr<std_msgs::msg::Int32> msg[m[K) {
[3.819s]       |                           [01;35m[K~~~~~~~~~~~~~~~~~~~~~~~~~~~~~~~~~~~~~~~~~~~~^~~[m[K
[9.557s] [100%] [32m[1mLinking CXX executable sonic_to_laser[0m
[10.082s] [100%] Built target sonic_to_laser
[10.099s] Invoked command in '/home/zyme/ros_ws/sonic2laser/sonic_to_laser/build/sonic_to_laser' returned '0': CMAKE_PREFIX_PATH=${CMAKE_PREFIX_PATH}:/opt/ros/humble /usr/bin/cmake --build /home/zyme/ros_ws/sonic2laser/sonic_to_laser/build/sonic_to_laser -- -j12 -l12
[10.148s] Invoking command in '/home/zyme/ros_ws/sonic2laser/sonic_to_laser/build/sonic_to_laser': CMAKE_PREFIX_PATH=${CMAKE_PREFIX_PATH}:/opt/ros/humble /usr/bin/cmake --install /home/zyme/ros_ws/sonic2laser/sonic_to_laser/build/sonic_to_laser
[10.158s] -- Install configuration: ""
[10.158s] -- Installing: /home/zyme/ros_ws/sonic2laser/sonic_to_laser/install/sonic_to_laser/lib/sonic_to_laser/sonic_to_laser
[10.168s] -- Set runtime path of "/home/zyme/ros_ws/sonic2laser/sonic_to_laser/install/sonic_to_laser/lib/sonic_to_laser/sonic_to_laser" to ""
[10.169s] -- Up-to-date: /home/zyme/ros_ws/sonic2laser/sonic_to_laser/install/sonic_to_laser/share/sonic_to_laser/
[10.169s] -- Up-to-date: /home/zyme/ros_ws/sonic2laser/sonic_to_laser/install/sonic_to_laser/share/ament_index/resource_index/package_run_dependencies/sonic_to_laser
[10.169s] -- Up-to-date: /home/zyme/ros_ws/sonic2laser/sonic_to_laser/install/sonic_to_laser/share/ament_index/resource_index/parent_prefix_path/sonic_to_laser
[10.169s] -- Up-to-date: /home/zyme/ros_ws/sonic2laser/sonic_to_laser/install/sonic_to_laser/share/sonic_to_laser/environment/ament_prefix_path.sh
[10.170s] -- Up-to-date: /home/zyme/ros_ws/sonic2laser/sonic_to_laser/install/sonic_to_laser/share/sonic_to_laser/environment/ament_prefix_path.dsv
[10.170s] -- Up-to-date: /home/zyme/ros_ws/sonic2laser/sonic_to_laser/install/sonic_to_laser/share/sonic_to_laser/environment/path.sh
[10.170s] -- Up-to-date: /home/zyme/ros_ws/sonic2laser/sonic_to_laser/install/sonic_to_laser/share/sonic_to_laser/environment/path.dsv
[10.170s] -- Up-to-date: /home/zyme/ros_ws/sonic2laser/sonic_to_laser/install/sonic_to_laser/share/sonic_to_laser/local_setup.bash
[10.170s] -- Up-to-date: /home/zyme/ros_ws/sonic2laser/sonic_to_laser/install/sonic_to_laser/share/sonic_to_laser/local_setup.sh
[10.170s] -- Up-to-date: /home/zyme/ros_ws/sonic2laser/sonic_to_laser/install/sonic_to_laser/share/sonic_to_laser/local_setup.zsh
[10.170s] -- Up-to-date: /home/zyme/ros_ws/sonic2laser/sonic_to_laser/install/sonic_to_laser/share/sonic_to_laser/local_setup.dsv
[10.170s] -- Installing: /home/zyme/ros_ws/sonic2laser/sonic_to_laser/install/sonic_to_laser/share/sonic_to_laser/package.dsv
[10.170s] -- Up-to-date: /home/zyme/ros_ws/sonic2laser/sonic_to_laser/install/sonic_to_laser/share/ament_index/resource_index/packages/sonic_to_laser
[10.171s] -- Up-to-date: /home/zyme/ros_ws/sonic2laser/sonic_to_laser/install/sonic_to_laser/share/sonic_to_laser/cmake/sonic_to_laserConfig.cmake
[10.171s] -- Up-to-date: /home/zyme/ros_ws/sonic2laser/sonic_to_laser/install/sonic_to_laser/share/sonic_to_laser/cmake/sonic_to_laserConfig-version.cmake
[10.171s] -- Up-to-date: /home/zyme/ros_ws/sonic2laser/sonic_to_laser/install/sonic_to_laser/share/sonic_to_laser/package.xml
[10.172s] Invoked command in '/home/zyme/ros_ws/sonic2laser/sonic_to_laser/build/sonic_to_laser' returned '0': CMAKE_PREFIX_PATH=${CMAKE_PREFIX_PATH}:/opt/ros/humble /usr/bin/cmake --install /home/zyme/ros_ws/sonic2laser/sonic_to_laser/build/sonic_to_laser
