[0.235s] Invoking command in '/home/zyme/ros_ws/sonic2laser/sonic_to_laser/build/sonic2laser_map': CMAKE_PREFIX_PATH=${CMAKE_PREFIX_PATH}:/opt/ros/humble /usr/bin/cmake --build /home/zyme/ros_ws/sonic2laser/sonic_to_laser/build/sonic2laser_map -- -j12 -l12
[0.262s] -- Found ament_cmake: 1.3.5 (/opt/ros/humble/share/ament_cmake/cmake)
[0.408s] -- Found navigation2: 1.1.12 (/opt/ros/humble/share/navigation2/cmake)
[0.409s] -- Found rviz2: 11.2.8 (/opt/ros/humble/share/rviz2/cmake)
[0.409s] -- Found rclcpp: 16.0.6 (/opt/ros/humble/share/rclcpp/cmake)
[0.448s] -- Found rosidl_generator_c: 3.1.5 (/opt/ros/humble/share/rosidl_generator_c/cmake)
[0.451s] -- Found rosidl_adapter: 3.1.5 (/opt/ros/humble/share/rosidl_adapter/cmake)
[0.458s] -- Found rosidl_generator_cpp: 3.1.5 (/opt/ros/humble/share/rosidl_generator_cpp/cmake)
[0.469s] -- Using all available rosidl_typesupport_c: rosidl_typesupport_fastrtps_c;rosidl_typesupport_introspection_c
[0.484s] -- Using all available rosidl_typesupport_cpp: rosidl_typesupport_fastrtps_cpp;rosidl_typesupport_introspection_cpp
[0.541s] -- Found rmw_implementation_cmake: 6.1.1 (/opt/ros/humble/share/rmw_implementation_cmake/cmake)
[0.542s] -- Found rmw_fastrtps_cpp: 6.2.4 (/opt/ros/humble/share/rmw_fastrtps_cpp/cmake)
[0.662s] -- Using RMW implementation 'rmw_fastrtps_cpp' as default
[0.814s] -- Found tf2: 0.25.4 (/opt/ros/humble/share/tf2/cmake)
[0.867s] -- Found tf2_geometry_msgs: 0.25.4 (/opt/ros/humble/share/tf2_geometry_msgs/cmake)
[0.871s] -- Found eigen3_cmake_module: 0.1.1 (/opt/ros/humble/share/eigen3_cmake_module/cmake)
[0.872s] -- Ensuring Eigen3 include directory is part of orocos-kdl CMake target
[1.207s] -- Found ament_lint_auto: 0.12.8 (/opt/ros/humble/share/ament_lint_auto/cmake)
[1.270s] -- Added test 'flake8' to check Python code syntax and style conventions
[1.271s] -- Added test 'lint_cmake' to check CMake code style
[1.271s] -- Added test 'pep257' to check Python code against some of the docstring style conventions in PEP 257
[1.272s] -- Added test 'xmllint' to check XML markup files
[1.273s] -- Configuring done
[1.278s] -- Generating done
[1.279s] -- Build files have been written to: /home/zyme/ros_ws/sonic2laser/sonic_to_laser/build/sonic2laser_map
[1.305s] Invoked command in '/home/zyme/ros_ws/sonic2laser/sonic_to_laser/build/sonic2laser_map' returned '0': CMAKE_PREFIX_PATH=${CMAKE_PREFIX_PATH}:/opt/ros/humble /usr/bin/cmake --build /home/zyme/ros_ws/sonic2laser/sonic_to_laser/build/sonic2laser_map -- -j12 -l12
[1.328s] Invoking command in '/home/zyme/ros_ws/sonic2laser/sonic_to_laser/build/sonic2laser_map': CMAKE_PREFIX_PATH=${CMAKE_PREFIX_PATH}:/opt/ros/humble /usr/bin/cmake --install /home/zyme/ros_ws/sonic2laser/sonic_to_laser/build/sonic2laser_map
[1.335s] -- Install configuration: ""
[1.335s] -- Up-to-date: /home/zyme/ros_ws/sonic2laser/sonic_to_laser/install/sonic2laser_map/share/ament_index/resource_index/package_run_dependencies/sonic2laser_map
[1.335s] -- Up-to-date: /home/zyme/ros_ws/sonic2laser/sonic_to_laser/install/sonic2laser_map/share/ament_index/resource_index/parent_prefix_path/sonic2laser_map
[1.335s] -- Up-to-date: /home/zyme/ros_ws/sonic2laser/sonic_to_laser/install/sonic2laser_map/share/sonic2laser_map/environment/ament_prefix_path.sh
[1.335s] -- Installing: /home/zyme/ros_ws/sonic2laser/sonic_to_laser/install/sonic2laser_map/share/sonic2laser_map/environment/ament_prefix_path.dsv
[1.335s] -- Up-to-date: /home/zyme/ros_ws/sonic2laser/sonic_to_laser/install/sonic2laser_map/share/sonic2laser_map/environment/path.sh
[1.336s] -- Installing: /home/zyme/ros_ws/sonic2laser/sonic_to_laser/install/sonic2laser_map/share/sonic2laser_map/environment/path.dsv
[1.336s] -- Up-to-date: /home/zyme/ros_ws/sonic2laser/sonic_to_laser/install/sonic2laser_map/share/sonic2laser_map/local_setup.bash
[1.336s] -- Up-to-date: /home/zyme/ros_ws/sonic2laser/sonic_to_laser/install/sonic2laser_map/share/sonic2laser_map/local_setup.sh
[1.336s] -- Up-to-date: /home/zyme/ros_ws/sonic2laser/sonic_to_laser/install/sonic2laser_map/share/sonic2laser_map/local_setup.zsh
[1.336s] -- Installing: /home/zyme/ros_ws/sonic2laser/sonic_to_laser/install/sonic2laser_map/share/sonic2laser_map/local_setup.dsv
[1.336s] -- Installing: /home/zyme/ros_ws/sonic2laser/sonic_to_laser/install/sonic2laser_map/share/sonic2laser_map/package.dsv
[1.336s] -- Up-to-date: /home/zyme/ros_ws/sonic2laser/sonic_to_laser/install/sonic2laser_map/share/ament_index/resource_index/packages/sonic2laser_map
[1.336s] -- Up-to-date: /home/zyme/ros_ws/sonic2laser/sonic_to_laser/install/sonic2laser_map/share/sonic2laser_map/cmake/sonic2laser_mapConfig.cmake
[1.336s] -- Up-to-date: /home/zyme/ros_ws/sonic2laser/sonic_to_laser/install/sonic2laser_map/share/sonic2laser_map/cmake/sonic2laser_mapConfig-version.cmake
[1.336s] -- Up-to-date: /home/zyme/ros_ws/sonic2laser/sonic_to_laser/install/sonic2laser_map/share/sonic2laser_map/package.xml
[1.337s] -- Up-to-date: /home/zyme/ros_ws/sonic2laser/sonic_to_laser/install/sonic2laser_map/share/sonic2laser_map/launch
[1.337s] -- Up-to-date: /home/zyme/ros_ws/sonic2laser/sonic_to_laser/install/sonic2laser_map/share/sonic2laser_map/launch/online_async_launch_mapping.launch.py
[1.337s] -- Up-to-date: /home/zyme/ros_ws/sonic2laser/sonic_to_laser/install/sonic2laser_map/share/sonic2laser_map/params
[1.337s] -- Up-to-date: /home/zyme/ros_ws/sonic2laser/sonic_to_laser/install/sonic2laser_map/share/sonic2laser_map/params/mapper_params_online_async_mapping.yaml
[1.337s] -- Installing: /home/zyme/ros_ws/sonic2laser/sonic_to_laser/install/sonic2laser_map/share/sonic2laser_map/map
[1.338s] Invoked command in '/home/zyme/ros_ws/sonic2laser/sonic_to_laser/build/sonic2laser_map' returned '0': CMAKE_PREFIX_PATH=${CMAKE_PREFIX_PATH}:/opt/ros/humble /usr/bin/cmake --install /home/zyme/ros_ws/sonic2laser/sonic_to_laser/build/sonic2laser_map
