[1.033s] DEBUG:colcon:Command line arguments: ['/usr/bin/colcon', 'build']
[1.034s] DEBUG:colcon:Parsed command line arguments: Namespace(log_base=None, log_level=None, verb_name='build', build_base='build', install_base='install', merge_install=False, symlink_install=False, test_result_base=None, continue_on_error=False, executor='parallel', parallel_workers=12, event_handlers=None, ignore_user_meta=False, metas=['./colcon.meta'], base_paths=['.'], packages_ignore=None, packages_ignore_regex=None, paths=None, packages_up_to=None, packages_up_to_regex=None, packages_above=None, packages_above_and_dependencies=None, packages_above_depth=None, packages_select_by_dep=None, packages_skip_by_dep=None, packages_skip_up_to=None, packages_select_build_failed=False, packages_skip_build_finished=False, packages_select_test_failures=False, packages_skip_test_passed=False, packages_select=None, packages_skip=None, packages_select_regex=None, packages_skip_regex=None, packages_start=None, packages_end=None, allow_overriding=[], cmake_args=None, cmake_target=None, cmake_target_skip_unavailable=False, cmake_clean_cache=False, cmake_clean_first=False, cmake_force_configure=False, ament_cmake_args=None, catkin_cmake_args=None, catkin_skip_building_tests=False, verb_parser=<colcon_defaults.argument_parser.defaults.DefaultArgumentsDecorator object at 0x7fa838b69240>, verb_extension=<colcon_core.verb.build.BuildVerb object at 0x7fa838b6b8e0>, main=<bound method BuildVerb.main of <colcon_core.verb.build.BuildVerb object at 0x7fa838b6b8e0>>)
[1.091s] Level 1:colcon.colcon_core.package_discovery:discover_packages(colcon_meta) check parameters
[1.091s] Level 1:colcon.colcon_core.package_discovery:discover_packages(recursive) check parameters
[1.091s] Level 1:colcon.colcon_core.package_discovery:discover_packages(ignore) check parameters
[1.091s] Level 1:colcon.colcon_core.package_discovery:discover_packages(path) check parameters
[1.091s] Level 1:colcon.colcon_core.package_discovery:discover_packages(colcon_meta) discover
[1.091s] Level 1:colcon.colcon_core.package_discovery:discover_packages(recursive) discover
[1.091s] INFO:colcon.colcon_core.package_discovery:Crawling recursively for packages in '/home/zyme/ros_ws/sonic2laser/sonic_to_laser'
[1.091s] Level 1:colcon.colcon_core.package_identification:_identify(.) by extensions ['ignore', 'ignore_ament_install']
[1.091s] Level 1:colcon.colcon_core.package_identification:_identify(.) by extension 'ignore'
[1.092s] Level 1:colcon.colcon_core.package_identification:_identify(.) by extension 'ignore_ament_install'
[1.092s] Level 1:colcon.colcon_core.package_identification:_identify(.) by extensions ['colcon_pkg']
[1.092s] Level 1:colcon.colcon_core.package_identification:_identify(.) by extension 'colcon_pkg'
[1.092s] Level 1:colcon.colcon_core.package_identification:_identify(.) by extensions ['colcon_meta']
[1.092s] Level 1:colcon.colcon_core.package_identification:_identify(.) by extension 'colcon_meta'
[1.092s] Level 1:colcon.colcon_core.package_identification:_identify(.) by extensions ['ros']
[1.092s] Level 1:colcon.colcon_core.package_identification:_identify(.) by extension 'ros'
[1.101s] Level 1:colcon.colcon_core.package_identification:_identify(.) by extensions ['cmake', 'python']
[1.101s] Level 1:colcon.colcon_core.package_identification:_identify(.) by extension 'cmake'
[1.101s] Level 1:colcon.colcon_core.package_identification:_identify(.) by extension 'python'
[1.102s] Level 1:colcon.colcon_core.package_identification:_identify(.) by extensions ['python_setup_py']
[1.102s] Level 1:colcon.colcon_core.package_identification:_identify(.) by extension 'python_setup_py'
[1.102s] Level 1:colcon.colcon_core.package_identification:_identify(build) by extensions ['ignore', 'ignore_ament_install']
[1.102s] Level 1:colcon.colcon_core.package_identification:_identify(build) by extension 'ignore'
[1.102s] Level 1:colcon.colcon_core.package_identification:_identify(build) ignored
[1.102s] Level 1:colcon.colcon_core.package_identification:_identify(install) by extensions ['ignore', 'ignore_ament_install']
[1.102s] Level 1:colcon.colcon_core.package_identification:_identify(install) by extension 'ignore'
[1.102s] Level 1:colcon.colcon_core.package_identification:_identify(install) ignored
[1.102s] Level 1:colcon.colcon_core.package_identification:_identify(log) by extensions ['ignore', 'ignore_ament_install']
[1.102s] Level 1:colcon.colcon_core.package_identification:_identify(log) by extension 'ignore'
[1.102s] Level 1:colcon.colcon_core.package_identification:_identify(log) ignored
[1.102s] Level 1:colcon.colcon_core.package_identification:_identify(src) by extensions ['ignore', 'ignore_ament_install']
[1.102s] Level 1:colcon.colcon_core.package_identification:_identify(src) by extension 'ignore'
[1.102s] Level 1:colcon.colcon_core.package_identification:_identify(src) by extension 'ignore_ament_install'
[1.102s] Level 1:colcon.colcon_core.package_identification:_identify(src) by extensions ['colcon_pkg']
[1.102s] Level 1:colcon.colcon_core.package_identification:_identify(src) by extension 'colcon_pkg'
[1.103s] Level 1:colcon.colcon_core.package_identification:_identify(src) by extensions ['colcon_meta']
[1.103s] Level 1:colcon.colcon_core.package_identification:_identify(src) by extension 'colcon_meta'
[1.103s] Level 1:colcon.colcon_core.package_identification:_identify(src) by extensions ['ros']
[1.103s] Level 1:colcon.colcon_core.package_identification:_identify(src) by extension 'ros'
[1.103s] Level 1:colcon.colcon_core.package_identification:_identify(src) by extensions ['cmake', 'python']
[1.103s] Level 1:colcon.colcon_core.package_identification:_identify(src) by extension 'cmake'
[1.103s] Level 1:colcon.colcon_core.package_identification:_identify(src) by extension 'python'
[1.103s] Level 1:colcon.colcon_core.package_identification:_identify(src) by extensions ['python_setup_py']
[1.103s] Level 1:colcon.colcon_core.package_identification:_identify(src) by extension 'python_setup_py'
[1.103s] Level 1:colcon.colcon_core.package_identification:_identify(src/sonic2laser_map) by extensions ['ignore', 'ignore_ament_install']
[1.103s] Level 1:colcon.colcon_core.package_identification:_identify(src/sonic2laser_map) by extension 'ignore'
[1.103s] Level 1:colcon.colcon_core.package_identification:_identify(src/sonic2laser_map) by extension 'ignore_ament_install'
[1.103s] Level 1:colcon.colcon_core.package_identification:_identify(src/sonic2laser_map) by extensions ['colcon_pkg']
[1.103s] Level 1:colcon.colcon_core.package_identification:_identify(src/sonic2laser_map) by extension 'colcon_pkg'
[1.103s] Level 1:colcon.colcon_core.package_identification:_identify(src/sonic2laser_map) by extensions ['colcon_meta']
[1.103s] Level 1:colcon.colcon_core.package_identification:_identify(src/sonic2laser_map) by extension 'colcon_meta'
[1.103s] Level 1:colcon.colcon_core.package_identification:_identify(src/sonic2laser_map) by extensions ['ros']
[1.103s] Level 1:colcon.colcon_core.package_identification:_identify(src/sonic2laser_map) by extension 'ros'
[1.106s] DEBUG:colcon.colcon_core.package_identification:Package 'src/sonic2laser_map' with type 'ros.ament_cmake' and name 'sonic2laser_map'
[1.106s] Level 1:colcon.colcon_core.package_identification:_identify(src/ultrasonic_to_lidar) by extensions ['ignore', 'ignore_ament_install']
[1.106s] Level 1:colcon.colcon_core.package_identification:_identify(src/ultrasonic_to_lidar) by extension 'ignore'
[1.106s] Level 1:colcon.colcon_core.package_identification:_identify(src/ultrasonic_to_lidar) by extension 'ignore_ament_install'
[1.106s] Level 1:colcon.colcon_core.package_identification:_identify(src/ultrasonic_to_lidar) by extensions ['colcon_pkg']
[1.106s] Level 1:colcon.colcon_core.package_identification:_identify(src/ultrasonic_to_lidar) by extension 'colcon_pkg'
[1.107s] Level 1:colcon.colcon_core.package_identification:_identify(src/ultrasonic_to_lidar) by extensions ['colcon_meta']
[1.107s] Level 1:colcon.colcon_core.package_identification:_identify(src/ultrasonic_to_lidar) by extension 'colcon_meta'
[1.107s] Level 1:colcon.colcon_core.package_identification:_identify(src/ultrasonic_to_lidar) by extensions ['ros']
[1.107s] Level 1:colcon.colcon_core.package_identification:_identify(src/ultrasonic_to_lidar) by extension 'ros'
[1.107s] Level 1:colcon.colcon_core.package_identification:_identify(src/ultrasonic_to_lidar) by extensions ['cmake', 'python']
[1.107s] Level 1:colcon.colcon_core.package_identification:_identify(src/ultrasonic_to_lidar) by extension 'cmake'
[1.107s] Level 1:colcon.colcon_core.package_identification:_identify(src/ultrasonic_to_lidar) by extension 'python'
[1.107s] Level 1:colcon.colcon_core.package_identification:_identify(src/ultrasonic_to_lidar) by extensions ['python_setup_py']
[1.107s] Level 1:colcon.colcon_core.package_identification:_identify(src/ultrasonic_to_lidar) by extension 'python_setup_py'
[1.107s] Level 1:colcon.colcon_core.package_identification:_identify(src/ultrasonic_to_lidar/src) by extensions ['ignore', 'ignore_ament_install']
[1.107s] Level 1:colcon.colcon_core.package_identification:_identify(src/ultrasonic_to_lidar/src) by extension 'ignore'
[1.107s] Level 1:colcon.colcon_core.package_identification:_identify(src/ultrasonic_to_lidar/src) by extension 'ignore_ament_install'
[1.107s] Level 1:colcon.colcon_core.package_identification:_identify(src/ultrasonic_to_lidar/src) by extensions ['colcon_pkg']
[1.107s] Level 1:colcon.colcon_core.package_identification:_identify(src/ultrasonic_to_lidar/src) by extension 'colcon_pkg'
[1.107s] Level 1:colcon.colcon_core.package_identification:_identify(src/ultrasonic_to_lidar/src) by extensions ['colcon_meta']
[1.107s] Level 1:colcon.colcon_core.package_identification:_identify(src/ultrasonic_to_lidar/src) by extension 'colcon_meta'
[1.107s] Level 1:colcon.colcon_core.package_identification:_identify(src/ultrasonic_to_lidar/src) by extensions ['ros']
[1.107s] Level 1:colcon.colcon_core.package_identification:_identify(src/ultrasonic_to_lidar/src) by extension 'ros'
[1.115s] DEBUG:colcon.colcon_core.package_identification:Package 'src/ultrasonic_to_lidar/src' with type 'ros.ament_cmake' and name 'sonic_to_laser'
[1.115s] Level 1:colcon.colcon_core.package_identification:_identify(test) by extensions ['ignore', 'ignore_ament_install']
[1.115s] Level 1:colcon.colcon_core.package_identification:_identify(test) by extension 'ignore'
[1.115s] Level 1:colcon.colcon_core.package_identification:_identify(test) by extension 'ignore_ament_install'
[1.115s] Level 1:colcon.colcon_core.package_identification:_identify(test) by extensions ['colcon_pkg']
[1.116s] Level 1:colcon.colcon_core.package_identification:_identify(test) by extension 'colcon_pkg'
[1.116s] Level 1:colcon.colcon_core.package_identification:_identify(test) by extensions ['colcon_meta']
[1.116s] Level 1:colcon.colcon_core.package_identification:_identify(test) by extension 'colcon_meta'
[1.116s] Level 1:colcon.colcon_core.package_identification:_identify(test) by extensions ['ros']
[1.116s] Level 1:colcon.colcon_core.package_identification:_identify(test) by extension 'ros'
[1.116s] Level 1:colcon.colcon_core.package_identification:_identify(test) by extensions ['cmake', 'python']
[1.116s] Level 1:colcon.colcon_core.package_identification:_identify(test) by extension 'cmake'
[1.116s] Level 1:colcon.colcon_core.package_identification:_identify(test) by extension 'python'
[1.116s] Level 1:colcon.colcon_core.package_identification:_identify(test) by extensions ['python_setup_py']
[1.116s] Level 1:colcon.colcon_core.package_identification:_identify(test) by extension 'python_setup_py'
[1.116s] Level 1:colcon.colcon_core.package_discovery:discover_packages(recursive) using defaults
[1.116s] Level 1:colcon.colcon_core.package_discovery:discover_packages(ignore) discover
[1.116s] Level 1:colcon.colcon_core.package_discovery:discover_packages(ignore) using defaults
[1.116s] Level 1:colcon.colcon_core.package_discovery:discover_packages(path) discover
[1.116s] Level 1:colcon.colcon_core.package_discovery:discover_packages(path) using defaults
[1.213s] Level 1:colcon.colcon_core.package_discovery:discover_packages(prefix_path) check parameters
[1.214s] Level 1:colcon.colcon_core.package_discovery:discover_packages(prefix_path) discover
[1.245s] DEBUG:colcon.colcon_installed_package_information.package_discovery:Found 3 installed packages in /home/zyme/ros_ws/microros_ws/install
[1.261s] DEBUG:colcon.colcon_installed_package_information.package_discovery:Found 1 installed packages in /home/zyme/ros_ws/rviz_satellite/install
[1.276s] DEBUG:colcon.colcon_installed_package_information.package_discovery:Found 1 installed packages in /home/zyme/ros_ws/Gyro_micro_ros/install
[1.293s] DEBUG:colcon.colcon_installed_package_information.package_discovery:Found 446 installed packages in /opt/ros/humble
[1.302s] Level 1:colcon.colcon_core.package_discovery:discover_packages(prefix_path) using defaults
[1.411s] Level 5:colcon.colcon_core.verb:set package 'sonic2laser_map' build argument 'cmake_args' from command line to 'None'
[1.411s] Level 5:colcon.colcon_core.verb:set package 'sonic2laser_map' build argument 'cmake_target' from command line to 'None'
[1.412s] Level 5:colcon.colcon_core.verb:set package 'sonic2laser_map' build argument 'cmake_target_skip_unavailable' from command line to 'False'
[1.412s] Level 5:colcon.colcon_core.verb:set package 'sonic2laser_map' build argument 'cmake_clean_cache' from command line to 'False'
[1.412s] Level 5:colcon.colcon_core.verb:set package 'sonic2laser_map' build argument 'cmake_clean_first' from command line to 'False'
[1.412s] Level 5:colcon.colcon_core.verb:set package 'sonic2laser_map' build argument 'cmake_force_configure' from command line to 'False'
[1.412s] Level 5:colcon.colcon_core.verb:set package 'sonic2laser_map' build argument 'ament_cmake_args' from command line to 'None'
[1.412s] Level 5:colcon.colcon_core.verb:set package 'sonic2laser_map' build argument 'catkin_cmake_args' from command line to 'None'
[1.412s] Level 5:colcon.colcon_core.verb:set package 'sonic2laser_map' build argument 'catkin_skip_building_tests' from command line to 'False'
[1.412s] DEBUG:colcon.colcon_core.verb:Building package 'sonic2laser_map' with the following arguments: {'ament_cmake_args': None, 'build_base': '/home/zyme/ros_ws/sonic2laser/sonic_to_laser/build/sonic2laser_map', 'catkin_cmake_args': None, 'catkin_skip_building_tests': False, 'cmake_args': None, 'cmake_clean_cache': False, 'cmake_clean_first': False, 'cmake_force_configure': False, 'cmake_target': None, 'cmake_target_skip_unavailable': False, 'install_base': '/home/zyme/ros_ws/sonic2laser/sonic_to_laser/install/sonic2laser_map', 'merge_install': False, 'path': '/home/zyme/ros_ws/sonic2laser/sonic_to_laser/src/sonic2laser_map', 'symlink_install': False, 'test_result_base': None}
[1.427s] Level 5:colcon.colcon_core.verb:set package 'sonic_to_laser' build argument 'cmake_args' from command line to 'None'
[1.427s] Level 5:colcon.colcon_core.verb:set package 'sonic_to_laser' build argument 'cmake_target' from command line to 'None'
[1.427s] Level 5:colcon.colcon_core.verb:set package 'sonic_to_laser' build argument 'cmake_target_skip_unavailable' from command line to 'False'
[1.427s] Level 5:colcon.colcon_core.verb:set package 'sonic_to_laser' build argument 'cmake_clean_cache' from command line to 'False'
[1.427s] Level 5:colcon.colcon_core.verb:set package 'sonic_to_laser' build argument 'cmake_clean_first' from command line to 'False'
[1.427s] Level 5:colcon.colcon_core.verb:set package 'sonic_to_laser' build argument 'cmake_force_configure' from command line to 'False'
[1.427s] Level 5:colcon.colcon_core.verb:set package 'sonic_to_laser' build argument 'ament_cmake_args' from command line to 'None'
[1.427s] Level 5:colcon.colcon_core.verb:set package 'sonic_to_laser' build argument 'catkin_cmake_args' from command line to 'None'
[1.427s] Level 5:colcon.colcon_core.verb:set package 'sonic_to_laser' build argument 'catkin_skip_building_tests' from command line to 'False'
[1.427s] DEBUG:colcon.colcon_core.verb:Building package 'sonic_to_laser' with the following arguments: {'ament_cmake_args': None, 'build_base': '/home/zyme/ros_ws/sonic2laser/sonic_to_laser/build/sonic_to_laser', 'catkin_cmake_args': None, 'catkin_skip_building_tests': False, 'cmake_args': None, 'cmake_clean_cache': False, 'cmake_clean_first': False, 'cmake_force_configure': False, 'cmake_target': None, 'cmake_target_skip_unavailable': False, 'install_base': '/home/zyme/ros_ws/sonic2laser/sonic_to_laser/install/sonic_to_laser', 'merge_install': False, 'path': '/home/zyme/ros_ws/sonic2laser/sonic_to_laser/src/ultrasonic_to_lidar/src', 'symlink_install': False, 'test_result_base': None}
[1.442s] INFO:colcon.colcon_core.executor:Executing jobs using 'parallel' executor
[1.458s] DEBUG:colcon.colcon_parallel_executor.executor.parallel:run_until_complete
[1.458s] INFO:colcon.colcon_ros.task.ament_cmake.build:Building ROS package in '/home/zyme/ros_ws/sonic2laser/sonic_to_laser/src/sonic2laser_map' with build type 'ament_cmake'
[1.458s] INFO:colcon.colcon_cmake.task.cmake.build:Building CMake package in '/home/zyme/ros_ws/sonic2laser/sonic_to_laser/src/sonic2laser_map'
[1.476s] INFO:colcon.colcon_core.plugin_system:Skipping extension 'colcon_core.shell.bat': Not used on non-Windows systems
[1.476s] INFO:colcon.colcon_core.shell:Skip shell extension 'powershell' for command environment: Not usable outside of PowerShell
[1.476s] DEBUG:colcon.colcon_core.shell:Skip shell extension 'dsv' for command environment
[1.556s] INFO:colcon.colcon_ros.task.ament_cmake.build:Building ROS package in '/home/zyme/ros_ws/sonic2laser/sonic_to_laser/src/ultrasonic_to_lidar/src' with build type 'ament_cmake'
[1.556s] INFO:colcon.colcon_cmake.task.cmake.build:Building CMake package in '/home/zyme/ros_ws/sonic2laser/sonic_to_laser/src/ultrasonic_to_lidar/src'
[1.572s] INFO:colcon.colcon_core.shell:Skip shell extension 'powershell' for command environment: Not usable outside of PowerShell
[1.572s] DEBUG:colcon.colcon_core.shell:Skip shell extension 'dsv' for command environment
[1.655s] DEBUG:colcon.colcon_core.event_handler.log_command:Invoking command in '/home/zyme/ros_ws/sonic2laser/sonic_to_laser/build/sonic2laser_map': CMAKE_PREFIX_PATH=${CMAKE_PREFIX_PATH}:/opt/ros/humble /usr/bin/cmake /home/zyme/ros_ws/sonic2laser/sonic_to_laser/src/sonic2laser_map -DCMAKE_INSTALL_PREFIX=/home/zyme/ros_ws/sonic2laser/sonic_to_laser/install/sonic2laser_map
[1.659s] DEBUG:colcon.colcon_core.event_handler.log_command:Invoking command in '/home/zyme/ros_ws/sonic2laser/sonic_to_laser/build/sonic_to_laser': CMAKE_PREFIX_PATH=${CMAKE_PREFIX_PATH}:/opt/ros/humble /usr/bin/cmake /home/zyme/ros_ws/sonic2laser/sonic_to_laser/src/ultrasonic_to_lidar/src -DCMAKE_INSTALL_PREFIX=/home/zyme/ros_ws/sonic2laser/sonic_to_laser/install/sonic_to_laser
[3.568s] DEBUG:colcon.colcon_core.event_handler.log_command:Invoked command in '/home/zyme/ros_ws/sonic2laser/sonic_to_laser/build/sonic2laser_map' returned '0': CMAKE_PREFIX_PATH=${CMAKE_PREFIX_PATH}:/opt/ros/humble /usr/bin/cmake /home/zyme/ros_ws/sonic2laser/sonic_to_laser/src/sonic2laser_map -DCMAKE_INSTALL_PREFIX=/home/zyme/ros_ws/sonic2laser/sonic_to_laser/install/sonic2laser_map
[3.570s] DEBUG:colcon.colcon_core.event_handler.log_command:Invoking command in '/home/zyme/ros_ws/sonic2laser/sonic_to_laser/build/sonic2laser_map': CMAKE_PREFIX_PATH=${CMAKE_PREFIX_PATH}:/opt/ros/humble /usr/bin/cmake --build /home/zyme/ros_ws/sonic2laser/sonic_to_laser/build/sonic2laser_map -- -j12 -l12
[3.593s] DEBUG:colcon.colcon_core.event_handler.log_command:Invoked command in '/home/zyme/ros_ws/sonic2laser/sonic_to_laser/build/sonic_to_laser' returned '0': CMAKE_PREFIX_PATH=${CMAKE_PREFIX_PATH}:/opt/ros/humble /usr/bin/cmake /home/zyme/ros_ws/sonic2laser/sonic_to_laser/src/ultrasonic_to_lidar/src -DCMAKE_INSTALL_PREFIX=/home/zyme/ros_ws/sonic2laser/sonic_to_laser/install/sonic_to_laser
[3.594s] DEBUG:colcon.colcon_core.event_handler.log_command:Invoking command in '/home/zyme/ros_ws/sonic2laser/sonic_to_laser/build/sonic_to_laser': CMAKE_PREFIX_PATH=${CMAKE_PREFIX_PATH}:/opt/ros/humble /usr/bin/cmake --build /home/zyme/ros_ws/sonic2laser/sonic_to_laser/build/sonic_to_laser -- -j12 -l12
[3.614s] DEBUG:colcon.colcon_core.event_handler.log_command:Invoked command in '/home/zyme/ros_ws/sonic2laser/sonic_to_laser/build/sonic2laser_map' returned '0': CMAKE_PREFIX_PATH=${CMAKE_PREFIX_PATH}:/opt/ros/humble /usr/bin/cmake --build /home/zyme/ros_ws/sonic2laser/sonic_to_laser/build/sonic2laser_map -- -j12 -l12
[3.645s] DEBUG:colcon.colcon_core.event_handler.log_command:Invoking command in '/home/zyme/ros_ws/sonic2laser/sonic_to_laser/build/sonic2laser_map': CMAKE_PREFIX_PATH=${CMAKE_PREFIX_PATH}:/opt/ros/humble /usr/bin/cmake --install /home/zyme/ros_ws/sonic2laser/sonic_to_laser/build/sonic2laser_map
[3.656s] Level 1:colcon.colcon_core.environment:create_environment_scripts_only(sonic2laser_map)
[3.657s] DEBUG:colcon.colcon_core.event_handler.log_command:Invoked command in '/home/zyme/ros_ws/sonic2laser/sonic_to_laser/build/sonic2laser_map' returned '0': CMAKE_PREFIX_PATH=${CMAKE_PREFIX_PATH}:/opt/ros/humble /usr/bin/cmake --install /home/zyme/ros_ws/sonic2laser/sonic_to_laser/build/sonic2laser_map
[3.674s] Level 1:colcon.colcon_core.environment:checking '/home/zyme/ros_ws/sonic2laser/sonic_to_laser/install/sonic2laser_map' for CMake module files
[3.675s] Level 1:colcon.colcon_core.environment:checking '/home/zyme/ros_ws/sonic2laser/sonic_to_laser/install/sonic2laser_map' for CMake config files
[3.675s] Level 1:colcon.colcon_core.shell:create_environment_hook('sonic2laser_map', 'cmake_prefix_path')
[3.690s] INFO:colcon.colcon_core.shell:Creating environment hook '/home/zyme/ros_ws/sonic2laser/sonic_to_laser/install/sonic2laser_map/share/sonic2laser_map/hook/cmake_prefix_path.ps1'
[3.691s] INFO:colcon.colcon_core.shell:Creating environment descriptor '/home/zyme/ros_ws/sonic2laser/sonic_to_laser/install/sonic2laser_map/share/sonic2laser_map/hook/cmake_prefix_path.dsv'
[3.691s] INFO:colcon.colcon_core.shell:Creating environment hook '/home/zyme/ros_ws/sonic2laser/sonic_to_laser/install/sonic2laser_map/share/sonic2laser_map/hook/cmake_prefix_path.sh'
[3.692s] Level 1:colcon.colcon_core.environment:checking '/home/zyme/ros_ws/sonic2laser/sonic_to_laser/install/sonic2laser_map/bin'
[3.692s] Level 1:colcon.colcon_core.environment:checking '/home/zyme/ros_ws/sonic2laser/sonic_to_laser/install/sonic2laser_map/lib/pkgconfig/sonic2laser_map.pc'
[3.692s] Level 1:colcon.colcon_core.environment:checking '/home/zyme/ros_ws/sonic2laser/sonic_to_laser/install/sonic2laser_map/lib/python3.10/site-packages'
[3.692s] Level 1:colcon.colcon_core.environment:checking '/home/zyme/ros_ws/sonic2laser/sonic_to_laser/install/sonic2laser_map/bin'
[3.709s] INFO:colcon.colcon_core.shell:Creating package script '/home/zyme/ros_ws/sonic2laser/sonic_to_laser/install/sonic2laser_map/share/sonic2laser_map/package.ps1'
[3.709s] INFO:colcon.colcon_core.shell:Creating package descriptor '/home/zyme/ros_ws/sonic2laser/sonic_to_laser/install/sonic2laser_map/share/sonic2laser_map/package.dsv'
[3.710s] INFO:colcon.colcon_core.shell:Creating package script '/home/zyme/ros_ws/sonic2laser/sonic_to_laser/install/sonic2laser_map/share/sonic2laser_map/package.sh'
[3.710s] INFO:colcon.colcon_core.shell:Creating package script '/home/zyme/ros_ws/sonic2laser/sonic_to_laser/install/sonic2laser_map/share/sonic2laser_map/package.bash'
[3.711s] INFO:colcon.colcon_core.shell:Creating package script '/home/zyme/ros_ws/sonic2laser/sonic_to_laser/install/sonic2laser_map/share/sonic2laser_map/package.zsh'
[3.711s] Level 1:colcon.colcon_core.environment:create_file_with_runtime_dependencies(/home/zyme/ros_ws/sonic2laser/sonic_to_laser/install/sonic2laser_map/share/colcon-core/packages/sonic2laser_map)
[3.749s] Level 1:colcon.colcon_core.environment:create_environment_scripts_only(sonic2laser_map)
[3.764s] Level 1:colcon.colcon_core.environment:checking '/home/zyme/ros_ws/sonic2laser/sonic_to_laser/install/sonic2laser_map' for CMake module files
[3.764s] Level 1:colcon.colcon_core.environment:checking '/home/zyme/ros_ws/sonic2laser/sonic_to_laser/install/sonic2laser_map' for CMake config files
[3.765s] Level 1:colcon.colcon_core.shell:create_environment_hook('sonic2laser_map', 'cmake_prefix_path')
[3.780s] INFO:colcon.colcon_core.shell:Creating environment hook '/home/zyme/ros_ws/sonic2laser/sonic_to_laser/install/sonic2laser_map/share/sonic2laser_map/hook/cmake_prefix_path.ps1'
[3.780s] INFO:colcon.colcon_core.shell:Creating environment descriptor '/home/zyme/ros_ws/sonic2laser/sonic_to_laser/install/sonic2laser_map/share/sonic2laser_map/hook/cmake_prefix_path.dsv'
[3.781s] INFO:colcon.colcon_core.shell:Creating environment hook '/home/zyme/ros_ws/sonic2laser/sonic_to_laser/install/sonic2laser_map/share/sonic2laser_map/hook/cmake_prefix_path.sh'
[3.781s] Level 1:colcon.colcon_core.environment:checking '/home/zyme/ros_ws/sonic2laser/sonic_to_laser/install/sonic2laser_map/bin'
[3.781s] Level 1:colcon.colcon_core.environment:checking '/home/zyme/ros_ws/sonic2laser/sonic_to_laser/install/sonic2laser_map/lib/pkgconfig/sonic2laser_map.pc'
[3.781s] Level 1:colcon.colcon_core.environment:checking '/home/zyme/ros_ws/sonic2laser/sonic_to_laser/install/sonic2laser_map/lib/python3.10/site-packages'
[3.782s] Level 1:colcon.colcon_core.environment:checking '/home/zyme/ros_ws/sonic2laser/sonic_to_laser/install/sonic2laser_map/bin'
[3.807s] INFO:colcon.colcon_core.shell:Creating package script '/home/zyme/ros_ws/sonic2laser/sonic_to_laser/install/sonic2laser_map/share/sonic2laser_map/package.ps1'
[3.808s] INFO:colcon.colcon_core.shell:Creating package descriptor '/home/zyme/ros_ws/sonic2laser/sonic_to_laser/install/sonic2laser_map/share/sonic2laser_map/package.dsv'
[3.809s] INFO:colcon.colcon_core.shell:Creating package script '/home/zyme/ros_ws/sonic2laser/sonic_to_laser/install/sonic2laser_map/share/sonic2laser_map/package.sh'
[3.809s] INFO:colcon.colcon_core.shell:Creating package script '/home/zyme/ros_ws/sonic2laser/sonic_to_laser/install/sonic2laser_map/share/sonic2laser_map/package.bash'
[3.810s] INFO:colcon.colcon_core.shell:Creating package script '/home/zyme/ros_ws/sonic2laser/sonic_to_laser/install/sonic2laser_map/share/sonic2laser_map/package.zsh'
[3.810s] Level 1:colcon.colcon_core.environment:create_file_with_runtime_dependencies(/home/zyme/ros_ws/sonic2laser/sonic_to_laser/install/sonic2laser_map/share/colcon-core/packages/sonic2laser_map)
[11.711s] DEBUG:colcon.colcon_core.event_handler.log_command:Invoked command in '/home/zyme/ros_ws/sonic2laser/sonic_to_laser/build/sonic_to_laser' returned '0': CMAKE_PREFIX_PATH=${CMAKE_PREFIX_PATH}:/opt/ros/humble /usr/bin/cmake --build /home/zyme/ros_ws/sonic2laser/sonic_to_laser/build/sonic_to_laser -- -j12 -l12
[11.738s] DEBUG:colcon.colcon_core.event_handler.log_command:Invoking command in '/home/zyme/ros_ws/sonic2laser/sonic_to_laser/build/sonic_to_laser': CMAKE_PREFIX_PATH=${CMAKE_PREFIX_PATH}:/opt/ros/humble /usr/bin/cmake --install /home/zyme/ros_ws/sonic2laser/sonic_to_laser/build/sonic_to_laser
[11.753s] Level 1:colcon.colcon_core.environment:create_environment_scripts_only(sonic_to_laser)
[11.754s] DEBUG:colcon.colcon_core.event_handler.log_command:Invoked command in '/home/zyme/ros_ws/sonic2laser/sonic_to_laser/build/sonic_to_laser' returned '0': CMAKE_PREFIX_PATH=${CMAKE_PREFIX_PATH}:/opt/ros/humble /usr/bin/cmake --install /home/zyme/ros_ws/sonic2laser/sonic_to_laser/build/sonic_to_laser
[11.769s] Level 1:colcon.colcon_core.environment:checking '/home/zyme/ros_ws/sonic2laser/sonic_to_laser/install/sonic_to_laser' for CMake module files
[11.770s] Level 1:colcon.colcon_core.environment:checking '/home/zyme/ros_ws/sonic2laser/sonic_to_laser/install/sonic_to_laser' for CMake config files
[11.770s] Level 1:colcon.colcon_core.shell:create_environment_hook('sonic_to_laser', 'cmake_prefix_path')
[11.785s] INFO:colcon.colcon_core.shell:Creating environment hook '/home/zyme/ros_ws/sonic2laser/sonic_to_laser/install/sonic_to_laser/share/sonic_to_laser/hook/cmake_prefix_path.ps1'
[11.786s] INFO:colcon.colcon_core.shell:Creating environment descriptor '/home/zyme/ros_ws/sonic2laser/sonic_to_laser/install/sonic_to_laser/share/sonic_to_laser/hook/cmake_prefix_path.dsv'
[11.786s] INFO:colcon.colcon_core.shell:Creating environment hook '/home/zyme/ros_ws/sonic2laser/sonic_to_laser/install/sonic_to_laser/share/sonic_to_laser/hook/cmake_prefix_path.sh'
[11.786s] Level 1:colcon.colcon_core.environment:checking '/home/zyme/ros_ws/sonic2laser/sonic_to_laser/install/sonic_to_laser/lib'
[11.787s] Level 1:colcon.colcon_core.environment:checking '/home/zyme/ros_ws/sonic2laser/sonic_to_laser/install/sonic_to_laser/bin'
[11.787s] Level 1:colcon.colcon_core.environment:checking '/home/zyme/ros_ws/sonic2laser/sonic_to_laser/install/sonic_to_laser/lib/pkgconfig/sonic_to_laser.pc'
[11.787s] Level 1:colcon.colcon_core.environment:checking '/home/zyme/ros_ws/sonic2laser/sonic_to_laser/install/sonic_to_laser/lib/python3.10/site-packages'
[11.787s] Level 1:colcon.colcon_core.environment:checking '/home/zyme/ros_ws/sonic2laser/sonic_to_laser/install/sonic_to_laser/bin'
[11.803s] INFO:colcon.colcon_core.shell:Creating package script '/home/zyme/ros_ws/sonic2laser/sonic_to_laser/install/sonic_to_laser/share/sonic_to_laser/package.ps1'
[11.803s] INFO:colcon.colcon_core.shell:Creating package descriptor '/home/zyme/ros_ws/sonic2laser/sonic_to_laser/install/sonic_to_laser/share/sonic_to_laser/package.dsv'
[11.803s] INFO:colcon.colcon_core.shell:Creating package script '/home/zyme/ros_ws/sonic2laser/sonic_to_laser/install/sonic_to_laser/share/sonic_to_laser/package.sh'
[11.804s] INFO:colcon.colcon_core.shell:Creating package script '/home/zyme/ros_ws/sonic2laser/sonic_to_laser/install/sonic_to_laser/share/sonic_to_laser/package.bash'
[11.804s] INFO:colcon.colcon_core.shell:Creating package script '/home/zyme/ros_ws/sonic2laser/sonic_to_laser/install/sonic_to_laser/share/sonic_to_laser/package.zsh'
[11.804s] Level 1:colcon.colcon_core.environment:create_file_with_runtime_dependencies(/home/zyme/ros_ws/sonic2laser/sonic_to_laser/install/sonic_to_laser/share/colcon-core/packages/sonic_to_laser)
[11.845s] Level 1:colcon.colcon_core.environment:create_environment_scripts_only(sonic_to_laser)
[11.861s] Level 1:colcon.colcon_core.environment:checking '/home/zyme/ros_ws/sonic2laser/sonic_to_laser/install/sonic_to_laser' for CMake module files
[11.861s] Level 1:colcon.colcon_core.environment:checking '/home/zyme/ros_ws/sonic2laser/sonic_to_laser/install/sonic_to_laser' for CMake config files
[11.862s] Level 1:colcon.colcon_core.shell:create_environment_hook('sonic_to_laser', 'cmake_prefix_path')
[11.877s] INFO:colcon.colcon_core.shell:Creating environment hook '/home/zyme/ros_ws/sonic2laser/sonic_to_laser/install/sonic_to_laser/share/sonic_to_laser/hook/cmake_prefix_path.ps1'
[11.877s] INFO:colcon.colcon_core.shell:Creating environment descriptor '/home/zyme/ros_ws/sonic2laser/sonic_to_laser/install/sonic_to_laser/share/sonic_to_laser/hook/cmake_prefix_path.dsv'
[11.877s] INFO:colcon.colcon_core.shell:Creating environment hook '/home/zyme/ros_ws/sonic2laser/sonic_to_laser/install/sonic_to_laser/share/sonic_to_laser/hook/cmake_prefix_path.sh'
[11.878s] Level 1:colcon.colcon_core.environment:checking '/home/zyme/ros_ws/sonic2laser/sonic_to_laser/install/sonic_to_laser/lib'
[11.878s] Level 1:colcon.colcon_core.environment:checking '/home/zyme/ros_ws/sonic2laser/sonic_to_laser/install/sonic_to_laser/bin'
[11.878s] Level 1:colcon.colcon_core.environment:checking '/home/zyme/ros_ws/sonic2laser/sonic_to_laser/install/sonic_to_laser/lib/pkgconfig/sonic_to_laser.pc'
[11.878s] Level 1:colcon.colcon_core.environment:checking '/home/zyme/ros_ws/sonic2laser/sonic_to_laser/install/sonic_to_laser/lib/python3.10/site-packages'
[11.878s] Level 1:colcon.colcon_core.environment:checking '/home/zyme/ros_ws/sonic2laser/sonic_to_laser/install/sonic_to_laser/bin'
[11.895s] INFO:colcon.colcon_core.shell:Creating package script '/home/zyme/ros_ws/sonic2laser/sonic_to_laser/install/sonic_to_laser/share/sonic_to_laser/package.ps1'
[11.896s] INFO:colcon.colcon_core.shell:Creating package descriptor '/home/zyme/ros_ws/sonic2laser/sonic_to_laser/install/sonic_to_laser/share/sonic_to_laser/package.dsv'
[11.896s] INFO:colcon.colcon_core.shell:Creating package script '/home/zyme/ros_ws/sonic2laser/sonic_to_laser/install/sonic_to_laser/share/sonic_to_laser/package.sh'
[11.897s] INFO:colcon.colcon_core.shell:Creating package script '/home/zyme/ros_ws/sonic2laser/sonic_to_laser/install/sonic_to_laser/share/sonic_to_laser/package.bash'
[11.897s] INFO:colcon.colcon_core.shell:Creating package script '/home/zyme/ros_ws/sonic2laser/sonic_to_laser/install/sonic_to_laser/share/sonic_to_laser/package.zsh'
[11.897s] Level 1:colcon.colcon_core.environment:create_file_with_runtime_dependencies(/home/zyme/ros_ws/sonic2laser/sonic_to_laser/install/sonic_to_laser/share/colcon-core/packages/sonic_to_laser)
[11.898s] DEBUG:colcon.colcon_parallel_executor.executor.parallel:closing loop
[11.898s] DEBUG:colcon.colcon_parallel_executor.executor.parallel:loop closed
[11.898s] DEBUG:colcon.colcon_parallel_executor.executor.parallel:run_until_complete finished with '0'
[11.898s] DEBUG:colcon.colcon_core.event_reactor:joining thread
[11.918s] INFO:colcon.colcon_core.plugin_system:Skipping extension 'colcon_notification.desktop_notification.terminal_notifier': Not used on non-Darwin systems
[11.918s] INFO:colcon.colcon_core.plugin_system:Skipping extension 'colcon_notification.desktop_notification.win32': Not used on non-Windows systems
[11.918s] INFO:colcon.colcon_notification.desktop_notification:Sending desktop notification using 'notify2'
[11.930s] DEBUG:colcon.colcon_core.event_reactor:joined thread
[11.947s] INFO:colcon.colcon_core.shell:Creating prefix script '/home/zyme/ros_ws/sonic2laser/sonic_to_laser/install/local_setup.ps1'
[11.948s] INFO:colcon.colcon_core.shell:Creating prefix util module '/home/zyme/ros_ws/sonic2laser/sonic_to_laser/install/_local_setup_util_ps1.py'
[11.949s] INFO:colcon.colcon_core.shell:Creating prefix chain script '/home/zyme/ros_ws/sonic2laser/sonic_to_laser/install/setup.ps1'
[11.966s] INFO:colcon.colcon_core.shell:Creating prefix script '/home/zyme/ros_ws/sonic2laser/sonic_to_laser/install/local_setup.sh'
[11.967s] INFO:colcon.colcon_core.shell:Creating prefix util module '/home/zyme/ros_ws/sonic2laser/sonic_to_laser/install/_local_setup_util_sh.py'
[11.967s] INFO:colcon.colcon_core.shell:Creating prefix chain script '/home/zyme/ros_ws/sonic2laser/sonic_to_laser/install/setup.sh'
[11.983s] INFO:colcon.colcon_core.shell:Creating prefix script '/home/zyme/ros_ws/sonic2laser/sonic_to_laser/install/local_setup.bash'
[11.984s] INFO:colcon.colcon_core.shell:Creating prefix chain script '/home/zyme/ros_ws/sonic2laser/sonic_to_laser/install/setup.bash'
[12.000s] INFO:colcon.colcon_core.shell:Creating prefix script '/home/zyme/ros_ws/sonic2laser/sonic_to_laser/install/local_setup.zsh'
[12.001s] INFO:colcon.colcon_core.shell:Creating prefix chain script '/home/zyme/ros_ws/sonic2laser/sonic_to_laser/install/setup.zsh'
