-- Found ament_cmake: 1.3.5 (/opt/ros/humble/share/ament_cmake/cmake)
-- Found rclcpp: 16.0.6 (/opt/ros/humble/share/rclcpp/cmake)
-- Found rosidl_generator_c: 3.1.5 (/opt/ros/humble/share/rosidl_generator_c/cmake)
-- Found rosidl_adapter: 3.1.5 (/opt/ros/humble/share/rosidl_adapter/cmake)
-- Found rosidl_generator_cpp: 3.1.5 (/opt/ros/humble/share/rosidl_generator_cpp/cmake)
-- Using all available rosidl_typesupport_c: rosidl_typesupport_fastrtps_c;rosidl_typesupport_introspection_c
-- Using all available rosidl_typesupport_cpp: rosidl_typesupport_fastrtps_cpp;rosidl_typesupport_introspection_cpp
-- Found rmw_implementation_cmake: 6.1.1 (/opt/ros/humble/share/rmw_implementation_cmake/cmake)
-- Found rmw_fastrtps_cpp: 6.2.4 (/opt/ros/humble/share/rmw_fastrtps_cpp/cmake)
-- Using RMW implementation 'rmw_fastrtps_cpp' as default
-- Found rclpy: 3.3.10 (/opt/ros/humble/share/rclpy/cmake)
-- Found sensor_msgs: 4.2.3 (/opt/ros/humble/share/sensor_msgs/cmake)
-- Found ament_lint_auto: 0.12.8 (/opt/ros/humble/share/ament_lint_auto/cmake)
-- Added test 'cppcheck' to perform static code analysis on C / C++ code
-- Configured cppcheck include dirs: 
-- Configured cppcheck exclude dirs and/or files: 
-- Added test 'lint_cmake' to check CMake code style
-- Added test 'uncrustify' to check C / C++ code style
-- Configured uncrustify additional arguments: 
-- Added test 'xmllint' to check XML markup files
-- Configuring done
-- Generating done
-- Build files have been written to: /home/zyme/ros_ws/sonic2laser/sonic_to_laser/build/sonic_to_laser
[35m[1mConsolidate compiler generated dependencies of target sonic_to_laser[0m
[ 50%] [32m[1mLinking CXX executable sonic_to_laser[0m
[100%] Built target sonic_to_laser
-- Install configuration: ""
-- Installing: /home/zyme/ros_ws/sonic2laser/sonic_to_laser/install/sonic_to_laser/lib/sonic_to_laser/sonic_to_laser
-- Set runtime path of "/home/zyme/ros_ws/sonic2laser/sonic_to_laser/install/sonic_to_laser/lib/sonic_to_laser/sonic_to_laser" to ""
-- Up-to-date: /home/zyme/ros_ws/sonic2laser/sonic_to_laser/install/sonic_to_laser/share/sonic_to_laser/
-- Up-to-date: /home/zyme/ros_ws/sonic2laser/sonic_to_laser/install/sonic_to_laser/share/ament_index/resource_index/package_run_dependencies/sonic_to_laser
-- Installing: /home/zyme/ros_ws/sonic2laser/sonic_to_laser/install/sonic_to_laser/share/ament_index/resource_index/parent_prefix_path/sonic_to_laser
-- Up-to-date: /home/zyme/ros_ws/sonic2laser/sonic_to_laser/install/sonic_to_laser/share/sonic_to_laser/environment/ament_prefix_path.sh
-- Installing: /home/zyme/ros_ws/sonic2laser/sonic_to_laser/install/sonic_to_laser/share/sonic_to_laser/environment/ament_prefix_path.dsv
-- Up-to-date: /home/zyme/ros_ws/sonic2laser/sonic_to_laser/install/sonic_to_laser/share/sonic_to_laser/environment/path.sh
-- Installing: /home/zyme/ros_ws/sonic2laser/sonic_to_laser/install/sonic_to_laser/share/sonic_to_laser/environment/path.dsv
-- Up-to-date: /home/zyme/ros_ws/sonic2laser/sonic_to_laser/install/sonic_to_laser/share/sonic_to_laser/local_setup.bash
-- Up-to-date: /home/zyme/ros_ws/sonic2laser/sonic_to_laser/install/sonic_to_laser/share/sonic_to_laser/local_setup.sh
-- Up-to-date: /home/zyme/ros_ws/sonic2laser/sonic_to_laser/install/sonic_to_laser/share/sonic_to_laser/local_setup.zsh
-- Installing: /home/zyme/ros_ws/sonic2laser/sonic_to_laser/install/sonic_to_laser/share/sonic_to_laser/local_setup.dsv
-- Installing: /home/zyme/ros_ws/sonic2laser/sonic_to_laser/install/sonic_to_laser/share/sonic_to_laser/package.dsv
-- Up-to-date: /home/zyme/ros_ws/sonic2laser/sonic_to_laser/install/sonic_to_laser/share/ament_index/resource_index/packages/sonic_to_laser
-- Up-to-date: /home/zyme/ros_ws/sonic2laser/sonic_to_laser/install/sonic_to_laser/share/sonic_to_laser/cmake/sonic_to_laserConfig.cmake
-- Up-to-date: /home/zyme/ros_ws/sonic2laser/sonic_to_laser/install/sonic_to_laser/share/sonic_to_laser/cmake/sonic_to_laserConfig-version.cmake
-- Up-to-date: /home/zyme/ros_ws/sonic2laser/sonic_to_laser/install/sonic_to_laser/share/sonic_to_laser/package.xml
